Active-HDL 10.3.3559.6081  2017-04-17 23:33:08

Elaboration top modules:
Verilog Module                cpu_TB


-------------------------------------------------------------------------------------------
Verilog Module          | Library | Info | Compiler Version          | Compilation Options
-------------------------------------------------------------------------------------------
cpu_TB                  | hw5     |      | 10.3.3559.6081  (Windows) | -O2 -sv2k12
cpu                     | hw5     |      | 10.3.3559.6081  (Windows) | -O2 -sv2k12
Memory                  | hw5     |      | 10.3.3559.6081  (Windows) | -O2 -sv2k12
Datapath                | hw5     |      | 10.3.3559.6081  (Windows) | -O2 -sv2k12
uController             | hw5     |      | 10.3.3559.6081  (Windows) | -O2 -sv2k12
RegisterFiles           | hw5     |      | 10.3.3559.6081  (Windows) | -O2 -sv2k12
ALU                     | hw5     |      | 10.3.3559.6081  (Windows) | -O2 -sv2k12
uProgramRom             | hw5     |      | 10.3.3559.6081  (Windows) | -O2 -sv2k12
-------------------------------------------------------------------------------------------

-------------------------------------------------------------------------------------------
Library                 | Comment
-------------------------------------------------------------------------------------------
hw5                     | None
-------------------------------------------------------------------------------------------
